06-Mar-2025 10:32:09.704 INFO [main] org.apache.catalina.startup.VersionLoggerListener.log Nom version serveur :              Apache Tomcat/10.1.36
06-Mar-2025 10:32:09.708 INFO [main] org.apache.catalina.startup.VersionLoggerListener.log Serveur compilé :                  Feb 13 2025 13:13:30 UTC
06-Mar-2025 10:32:09.708 INFO [main] org.apache.catalina.startup.VersionLoggerListener.log Version du serveur :               10.1.36.0
06-Mar-2025 10:32:09.708 INFO [main] org.apache.catalina.startup.VersionLoggerListener.log Nom de l'OS :                      Windows 11
06-Mar-2025 10:32:09.709 INFO [main] org.apache.catalina.startup.VersionLoggerListener.log Version OS :                       10.0
06-Mar-2025 10:32:09.709 INFO [main] org.apache.catalina.startup.VersionLoggerListener.log Architecture :                     amd64
06-Mar-2025 10:32:09.709 INFO [main] org.apache.catalina.startup.VersionLoggerListener.log Java Home :                        C:\Users\Dev\.jdks\openjdk-23.0.1
06-Mar-2025 10:32:09.709 INFO [main] org.apache.catalina.startup.VersionLoggerListener.log Version JVM :                      23.0.1+11-39
06-Mar-2025 10:32:09.709 INFO [main] org.apache.catalina.startup.VersionLoggerListener.log Fournisseur de la JVM :            Oracle Corporation
06-Mar-2025 10:32:09.709 INFO [main] org.apache.catalina.startup.VersionLoggerListener.log CATALINA_BASE :                    C:\Users\Dev\IdeaProjects\test\TalentFlow
06-Mar-2025 10:32:09.710 INFO [main] org.apache.catalina.startup.VersionLoggerListener.log CATALINA_HOME :                    C:\Program Files\Apache Software Foundation\Tomcat 10.1
06-Mar-2025 10:32:09.722 INFO [main] org.apache.catalina.startup.VersionLoggerListener.log Argument de la ligne de commande : --add-opens=java.base/java.lang=ALL-UNNAMED
06-Mar-2025 10:32:09.722 INFO [main] org.apache.catalina.startup.VersionLoggerListener.log Argument de la ligne de commande : --add-opens=java.base/java.io=ALL-UNNAMED
06-Mar-2025 10:32:09.723 INFO [main] org.apache.catalina.startup.VersionLoggerListener.log Argument de la ligne de commande : --add-opens=java.base/java.util=ALL-UNNAMED
06-Mar-2025 10:32:09.723 INFO [main] org.apache.catalina.startup.VersionLoggerListener.log Argument de la ligne de commande : --add-opens=java.base/java.util.concurrent=ALL-UNNAMED
06-Mar-2025 10:32:09.723 INFO [main] org.apache.catalina.startup.VersionLoggerListener.log Argument de la ligne de commande : --add-opens=java.rmi/sun.rmi.transport=ALL-UNNAMED
06-Mar-2025 10:32:09.723 INFO [main] org.apache.catalina.startup.VersionLoggerListener.log Argument de la ligne de commande : -Dcatalina.home=C:\Program Files\Apache Software Foundation\Tomcat 10.1
06-Mar-2025 10:32:09.724 INFO [main] org.apache.catalina.startup.VersionLoggerListener.log Argument de la ligne de commande : -Dcatalina.base=C:\Users\Dev\IdeaProjects\test\TalentFlow
06-Mar-2025 10:32:09.724 INFO [main] org.apache.catalina.startup.VersionLoggerListener.log Argument de la ligne de commande : -Djava.io.tmpdir=C:\Users\Dev\IdeaProjects\test\TalentFlow\temp
06-Mar-2025 10:32:09.724 INFO [main] org.apache.catalina.startup.VersionLoggerListener.log Argument de la ligne de commande : -Djava.util.logging.config.file=C:\Users\Dev\IdeaProjects\test\TalentFlow\conf\logging.properties
06-Mar-2025 10:32:09.724 INFO [main] org.apache.catalina.startup.VersionLoggerListener.log Argument de la ligne de commande : -Djava.util.logging.manager=org.apache.juli.ClassLoaderLogManager
06-Mar-2025 10:32:09.724 INFO [main] org.apache.catalina.startup.VersionLoggerListener.log Argument de la ligne de commande : -javaagent:C:\Program Files\JetBrains\IntelliJ IDEA 2024.3.2.2\lib\idea_rt.jar=49703:C:\Program Files\JetBrains\IntelliJ IDEA 2024.3.2.2\bin
06-Mar-2025 10:32:09.725 INFO [main] org.apache.catalina.startup.VersionLoggerListener.log Argument de la ligne de commande : -Dfile.encoding=UTF-8
06-Mar-2025 10:32:09.725 INFO [main] org.apache.catalina.startup.VersionLoggerListener.log Argument de la ligne de commande : -Dsun.stdout.encoding=UTF-8
06-Mar-2025 10:32:09.725 INFO [main] org.apache.catalina.startup.VersionLoggerListener.log Argument de la ligne de commande : -Dsun.stderr.encoding=UTF-8
06-Mar-2025 10:32:09.729 INFO [main] org.apache.catalina.core.AprLifecycleListener.lifecycleEvent La librairie Apache Tomcat Native basée sur APR qui permet des performances optimales dans les environnements de production n'a pas été trouvée sur le java.library.path : [C:\Users\Dev\.jdks\openjdk-23.0.1\bin;C:\WINDOWS\Sun\Java\bin;C:\WINDOWS\system32;C:\WINDOWS;C:\Program Files\Common Files\Oracle\Java\javapath;C:\WINDOWS\system32;C:\WINDOWS;C:\WINDOWS\System32\Wbem;C:\WINDOWS\System32\WindowsPowerShell\v1.0\;C:\WINDOWS\System32\OpenSSH\;C:\Program Files\Git\cmd;C:\Program Files\MySQL\MySQL Shell 8.0\bin\;C:\Users\Dev\AppData\Local\Microsoft\WindowsApps;C:\Users\Dev\AppData\Local\Programs\Microsoft VS Code\bin;C:\Program Files\JetBrains\IntelliJ IDEA 2024.3\bin;;.]
06-Mar-2025 10:32:10.327 INFO [main] org.apache.coyote.AbstractProtocol.init Initialisation du gestionnaire de protocole ["http-nio-8089"]
06-Mar-2025 10:32:10.356 INFO [main] org.apache.catalina.startup.Catalina.load L'initialisation du serveur a pris [1014] millisecondes
06-Mar-2025 10:32:10.473 INFO [main] org.apache.catalina.core.StandardService.startInternal Démarrage du service [Catalina]
06-Mar-2025 10:32:10.474 INFO [main] org.apache.catalina.core.StandardEngine.startInternal Démarrage du moteur de Servlets : [Apache Tomcat/10.1.36]
06-Mar-2025 10:32:10.492 INFO [main] org.apache.catalina.startup.HostConfig.deployDescriptor Déploiement du descripteur de configuration [C:\Users\Dev\IdeaProjects\test\TalentFlow\conf\Catalina\localhost\TalentFlow.xml]
06-Mar-2025 10:32:12.369 INFO [main] org.apache.jasper.servlet.TldScanner.scanJars Au moins un fichier JAR a été analysé pour trouver des TLDs mais il n'en contenait pas, le mode "debug" du journal peut être activé pour obtenir une liste complète de JAR scannés sans succès ; éviter d'analyser des JARs inutilement peut améliorer sensiblement le temps de démarrage et le temps de compilation des JSPs
06-Mar-2025 10:32:12.504 INFO [main] org.apache.catalina.startup.HostConfig.deployDescriptor Le traitement du descripteur de déploiement [C:\Users\Dev\IdeaProjects\test\TalentFlow\conf\Catalina\localhost\TalentFlow.xml] a pris [2 009] ms
06-Mar-2025 10:32:12.510 INFO [main] org.apache.coyote.AbstractProtocol.start Démarrage du gestionnaire de protocole ["http-nio-8089"]
06-Mar-2025 10:32:12.535 INFO [main] org.apache.catalina.startup.Catalina.start Le démarrage du serveur a pris [2174] millisecondes
06-Mar-2025 10:33:57.126 INFO [Thread-1] org.apache.coyote.AbstractProtocol.pause Le gestionnaire de protocole ["http-nio-8089"] est mis en pause
06-Mar-2025 10:33:57.129 INFO [Thread-1] org.apache.catalina.core.StandardService.stopInternal Arrêt du service [Catalina]
06-Mar-2025 10:33:57.149 INFO [Thread-1] org.apache.coyote.AbstractProtocol.stop Arrêt du gestionnaire de protocole ["http-nio-8089"]
06-Mar-2025 10:33:57.167 INFO [Thread-1] org.apache.coyote.AbstractProtocol.destroy Destruction du gestionnaire de protocole ["http-nio-8089"]
06-Mar-2025 10:34:01.769 INFO [main] org.apache.catalina.startup.VersionLoggerListener.log Nom version serveur :              Apache Tomcat/10.1.36
06-Mar-2025 10:34:01.777 INFO [main] org.apache.catalina.startup.VersionLoggerListener.log Serveur compilé :                  Feb 13 2025 13:13:30 UTC
06-Mar-2025 10:34:01.778 INFO [main] org.apache.catalina.startup.VersionLoggerListener.log Version du serveur :               10.1.36.0
06-Mar-2025 10:34:01.778 INFO [main] org.apache.catalina.startup.VersionLoggerListener.log Nom de l'OS :                      Windows 11
06-Mar-2025 10:34:01.778 INFO [main] org.apache.catalina.startup.VersionLoggerListener.log Version OS :                       10.0
06-Mar-2025 10:34:01.778 INFO [main] org.apache.catalina.startup.VersionLoggerListener.log Architecture :                     amd64
06-Mar-2025 10:34:01.778 INFO [main] org.apache.catalina.startup.VersionLoggerListener.log Java Home :                        C:\Users\Dev\.jdks\openjdk-23.0.1
06-Mar-2025 10:34:01.779 INFO [main] org.apache.catalina.startup.VersionLoggerListener.log Version JVM :                      23.0.1+11-39
06-Mar-2025 10:34:01.779 INFO [main] org.apache.catalina.startup.VersionLoggerListener.log Fournisseur de la JVM :            Oracle Corporation
06-Mar-2025 10:34:01.780 INFO [main] org.apache.catalina.startup.VersionLoggerListener.log CATALINA_BASE :                    C:\Users\Dev\IdeaProjects\test\TalentFlow
06-Mar-2025 10:34:01.780 INFO [main] org.apache.catalina.startup.VersionLoggerListener.log CATALINA_HOME :                    C:\Program Files\Apache Software Foundation\Tomcat 10.1
06-Mar-2025 10:34:01.794 INFO [main] org.apache.catalina.startup.VersionLoggerListener.log Argument de la ligne de commande : --add-opens=java.base/java.lang=ALL-UNNAMED
06-Mar-2025 10:34:01.794 INFO [main] org.apache.catalina.startup.VersionLoggerListener.log Argument de la ligne de commande : --add-opens=java.base/java.io=ALL-UNNAMED
06-Mar-2025 10:34:01.794 INFO [main] org.apache.catalina.startup.VersionLoggerListener.log Argument de la ligne de commande : --add-opens=java.base/java.util=ALL-UNNAMED
06-Mar-2025 10:34:01.795 INFO [main] org.apache.catalina.startup.VersionLoggerListener.log Argument de la ligne de commande : --add-opens=java.base/java.util.concurrent=ALL-UNNAMED
06-Mar-2025 10:34:01.795 INFO [main] org.apache.catalina.startup.VersionLoggerListener.log Argument de la ligne de commande : --add-opens=java.rmi/sun.rmi.transport=ALL-UNNAMED
06-Mar-2025 10:34:01.795 INFO [main] org.apache.catalina.startup.VersionLoggerListener.log Argument de la ligne de commande : -Dcatalina.home=C:\Program Files\Apache Software Foundation\Tomcat 10.1
06-Mar-2025 10:34:01.795 INFO [main] org.apache.catalina.startup.VersionLoggerListener.log Argument de la ligne de commande : -Dcatalina.base=C:\Users\Dev\IdeaProjects\test\TalentFlow
06-Mar-2025 10:34:01.796 INFO [main] org.apache.catalina.startup.VersionLoggerListener.log Argument de la ligne de commande : -Djava.io.tmpdir=C:\Users\Dev\IdeaProjects\test\TalentFlow\temp
06-Mar-2025 10:34:01.796 INFO [main] org.apache.catalina.startup.VersionLoggerListener.log Argument de la ligne de commande : -Djava.util.logging.config.file=C:\Users\Dev\IdeaProjects\test\TalentFlow\conf\logging.properties
06-Mar-2025 10:34:01.796 INFO [main] org.apache.catalina.startup.VersionLoggerListener.log Argument de la ligne de commande : -Djava.util.logging.manager=org.apache.juli.ClassLoaderLogManager
06-Mar-2025 10:34:01.796 INFO [main] org.apache.catalina.startup.VersionLoggerListener.log Argument de la ligne de commande : -javaagent:C:\Program Files\JetBrains\IntelliJ IDEA 2024.3.2.2\lib\idea_rt.jar=49723:C:\Program Files\JetBrains\IntelliJ IDEA 2024.3.2.2\bin
06-Mar-2025 10:34:01.796 INFO [main] org.apache.catalina.startup.VersionLoggerListener.log Argument de la ligne de commande : -Dfile.encoding=UTF-8
06-Mar-2025 10:34:01.797 INFO [main] org.apache.catalina.startup.VersionLoggerListener.log Argument de la ligne de commande : -Dsun.stdout.encoding=UTF-8
06-Mar-2025 10:34:01.797 INFO [main] org.apache.catalina.startup.VersionLoggerListener.log Argument de la ligne de commande : -Dsun.stderr.encoding=UTF-8
06-Mar-2025 10:34:01.803 INFO [main] org.apache.catalina.core.AprLifecycleListener.lifecycleEvent La librairie Apache Tomcat Native basée sur APR qui permet des performances optimales dans les environnements de production n'a pas été trouvée sur le java.library.path : [C:\Users\Dev\.jdks\openjdk-23.0.1\bin;C:\WINDOWS\Sun\Java\bin;C:\WINDOWS\system32;C:\WINDOWS;C:\Program Files\Common Files\Oracle\Java\javapath;C:\WINDOWS\system32;C:\WINDOWS;C:\WINDOWS\System32\Wbem;C:\WINDOWS\System32\WindowsPowerShell\v1.0\;C:\WINDOWS\System32\OpenSSH\;C:\Program Files\Git\cmd;C:\Program Files\MySQL\MySQL Shell 8.0\bin\;C:\Users\Dev\AppData\Local\Microsoft\WindowsApps;C:\Users\Dev\AppData\Local\Programs\Microsoft VS Code\bin;C:\Program Files\JetBrains\IntelliJ IDEA 2024.3\bin;;.]
06-Mar-2025 10:34:02.534 INFO [main] org.apache.coyote.AbstractProtocol.init Initialisation du gestionnaire de protocole ["http-nio-8089"]
06-Mar-2025 10:34:02.570 INFO [main] org.apache.catalina.startup.Catalina.load L'initialisation du serveur a pris [1285] millisecondes
06-Mar-2025 10:34:02.680 INFO [main] org.apache.catalina.core.StandardService.startInternal Démarrage du service [Catalina]
06-Mar-2025 10:34:02.681 INFO [main] org.apache.catalina.core.StandardEngine.startInternal Démarrage du moteur de Servlets : [Apache Tomcat/10.1.36]
06-Mar-2025 10:34:02.704 INFO [main] org.apache.catalina.startup.HostConfig.deployDescriptor Déploiement du descripteur de configuration [C:\Users\Dev\IdeaProjects\test\TalentFlow\conf\Catalina\localhost\TalentFlow.xml]
06-Mar-2025 10:34:04.570 INFO [main] org.apache.jasper.servlet.TldScanner.scanJars Au moins un fichier JAR a été analysé pour trouver des TLDs mais il n'en contenait pas, le mode "debug" du journal peut être activé pour obtenir une liste complète de JAR scannés sans succès ; éviter d'analyser des JARs inutilement peut améliorer sensiblement le temps de démarrage et le temps de compilation des JSPs
06-Mar-2025 10:34:04.708 INFO [main] org.apache.catalina.startup.HostConfig.deployDescriptor Le traitement du descripteur de déploiement [C:\Users\Dev\IdeaProjects\test\TalentFlow\conf\Catalina\localhost\TalentFlow.xml] a pris [2 002] ms
06-Mar-2025 10:34:04.714 INFO [main] org.apache.coyote.AbstractProtocol.start Démarrage du gestionnaire de protocole ["http-nio-8089"]
06-Mar-2025 10:34:04.743 INFO [main] org.apache.catalina.startup.Catalina.start Le démarrage du serveur a pris [2168] millisecondes
06-Mar-2025 11:42:05.638 INFO [Thread-1] org.apache.coyote.AbstractProtocol.pause Le gestionnaire de protocole ["http-nio-8089"] est mis en pause
06-Mar-2025 11:42:05.644 INFO [Thread-1] org.apache.catalina.core.StandardService.stopInternal Arrêt du service [Catalina]
06-Mar-2025 11:42:05.655 WARNING [Thread-1] org.apache.catalina.loader.WebappClassLoaderBase.clearReferencesJdbc L'application web [TalentFlow] a enregistré un pilote JDBC [com.mysql.cj.jdbc.Driver], mais ne l'a pas désenregistré avant l'arrêt de l'application.  Pour éviter une fuite de mémoire, le pilote JDBC a été désenregistré de force.
06-Mar-2025 11:42:05.656 WARNING [Thread-1] org.apache.catalina.loader.WebappClassLoaderBase.clearReferencesThreads L'application web [TalentFlow] semble avoir démarré un thread nommé [mysql-cj-abandoned-connection-cleanup] mais ne l'a pas arrêté, ce qui va probablement créer une fuite de mémoire ; la trace du thread est : 
 java.base/jdk.internal.misc.Unsafe.park(Native Method)
 java.base/java.util.concurrent.locks.LockSupport.parkNanos(LockSupport.java:269)
 java.base/java.util.concurrent.locks.AbstractQueuedSynchronizer$ConditionObject.await(AbstractQueuedSynchronizer.java:1852)
 java.base/java.lang.ref.ReferenceQueue.await(ReferenceQueue.java:79)
 java.base/java.lang.ref.ReferenceQueue.remove0(ReferenceQueue.java:151)
 java.base/java.lang.ref.ReferenceQueue.remove(ReferenceQueue.java:229)
 com.mysql.cj.jdbc.AbandonedConnectionCleanupThread.run(AbandonedConnectionCleanupThread.java:91)
 java.base/java.util.concurrent.ThreadPoolExecutor.runWorker(ThreadPoolExecutor.java:1144)
 java.base/java.util.concurrent.ThreadPoolExecutor$Worker.run(ThreadPoolExecutor.java:642)
 java.base/java.lang.Thread.run(Thread.java:1575)
06-Mar-2025 11:42:05.669 INFO [Thread-1] org.apache.coyote.AbstractProtocol.stop Arrêt du gestionnaire de protocole ["http-nio-8089"]
06-Mar-2025 11:42:05.683 INFO [Thread-1] org.apache.coyote.AbstractProtocol.destroy Destruction du gestionnaire de protocole ["http-nio-8089"]
06-Mar-2025 11:42:09.841 INFO [main] org.apache.catalina.startup.VersionLoggerListener.log Nom version serveur :              Apache Tomcat/10.1.36
06-Mar-2025 11:42:09.849 INFO [main] org.apache.catalina.startup.VersionLoggerListener.log Serveur compilé :                  Feb 13 2025 13:13:30 UTC
06-Mar-2025 11:42:09.850 INFO [main] org.apache.catalina.startup.VersionLoggerListener.log Version du serveur :               10.1.36.0
06-Mar-2025 11:42:09.850 INFO [main] org.apache.catalina.startup.VersionLoggerListener.log Nom de l'OS :                      Windows 11
06-Mar-2025 11:42:09.850 INFO [main] org.apache.catalina.startup.VersionLoggerListener.log Version OS :                       10.0
06-Mar-2025 11:42:09.850 INFO [main] org.apache.catalina.startup.VersionLoggerListener.log Architecture :                     amd64
06-Mar-2025 11:42:09.851 INFO [main] org.apache.catalina.startup.VersionLoggerListener.log Java Home :                        C:\Users\Dev\.jdks\openjdk-23.0.1
06-Mar-2025 11:42:09.851 INFO [main] org.apache.catalina.startup.VersionLoggerListener.log Version JVM :                      23.0.1+11-39
06-Mar-2025 11:42:09.851 INFO [main] org.apache.catalina.startup.VersionLoggerListener.log Fournisseur de la JVM :            Oracle Corporation
06-Mar-2025 11:42:09.851 INFO [main] org.apache.catalina.startup.VersionLoggerListener.log CATALINA_BASE :                    C:\Users\Dev\IdeaProjects\test\TalentFlow
06-Mar-2025 11:42:09.852 INFO [main] org.apache.catalina.startup.VersionLoggerListener.log CATALINA_HOME :                    C:\Program Files\Apache Software Foundation\Tomcat 10.1
06-Mar-2025 11:42:09.873 INFO [main] org.apache.catalina.startup.VersionLoggerListener.log Argument de la ligne de commande : --add-opens=java.base/java.lang=ALL-UNNAMED
06-Mar-2025 11:42:09.873 INFO [main] org.apache.catalina.startup.VersionLoggerListener.log Argument de la ligne de commande : --add-opens=java.base/java.io=ALL-UNNAMED
06-Mar-2025 11:42:09.873 INFO [main] org.apache.catalina.startup.VersionLoggerListener.log Argument de la ligne de commande : --add-opens=java.base/java.util=ALL-UNNAMED
06-Mar-2025 11:42:09.873 INFO [main] org.apache.catalina.startup.VersionLoggerListener.log Argument de la ligne de commande : --add-opens=java.base/java.util.concurrent=ALL-UNNAMED
06-Mar-2025 11:42:09.874 INFO [main] org.apache.catalina.startup.VersionLoggerListener.log Argument de la ligne de commande : --add-opens=java.rmi/sun.rmi.transport=ALL-UNNAMED
06-Mar-2025 11:42:09.874 INFO [main] org.apache.catalina.startup.VersionLoggerListener.log Argument de la ligne de commande : -Dcatalina.home=C:\Program Files\Apache Software Foundation\Tomcat 10.1
06-Mar-2025 11:42:09.874 INFO [main] org.apache.catalina.startup.VersionLoggerListener.log Argument de la ligne de commande : -Dcatalina.base=C:\Users\Dev\IdeaProjects\test\TalentFlow
06-Mar-2025 11:42:09.874 INFO [main] org.apache.catalina.startup.VersionLoggerListener.log Argument de la ligne de commande : -Djava.io.tmpdir=C:\Users\Dev\IdeaProjects\test\TalentFlow\temp
06-Mar-2025 11:42:09.875 INFO [main] org.apache.catalina.startup.VersionLoggerListener.log Argument de la ligne de commande : -Djava.util.logging.config.file=C:\Users\Dev\IdeaProjects\test\TalentFlow\conf\logging.properties
06-Mar-2025 11:42:09.875 INFO [main] org.apache.catalina.startup.VersionLoggerListener.log Argument de la ligne de commande : -Djava.util.logging.manager=org.apache.juli.ClassLoaderLogManager
06-Mar-2025 11:42:09.875 INFO [main] org.apache.catalina.startup.VersionLoggerListener.log Argument de la ligne de commande : -javaagent:C:\Program Files\JetBrains\IntelliJ IDEA 2024.3.2.2\lib\idea_rt.jar=50061:C:\Program Files\JetBrains\IntelliJ IDEA 2024.3.2.2\bin
06-Mar-2025 11:42:09.876 INFO [main] org.apache.catalina.startup.VersionLoggerListener.log Argument de la ligne de commande : -Dfile.encoding=UTF-8
06-Mar-2025 11:42:09.876 INFO [main] org.apache.catalina.startup.VersionLoggerListener.log Argument de la ligne de commande : -Dsun.stdout.encoding=UTF-8
06-Mar-2025 11:42:09.876 INFO [main] org.apache.catalina.startup.VersionLoggerListener.log Argument de la ligne de commande : -Dsun.stderr.encoding=UTF-8
06-Mar-2025 11:42:09.883 INFO [main] org.apache.catalina.core.AprLifecycleListener.lifecycleEvent La librairie Apache Tomcat Native basée sur APR qui permet des performances optimales dans les environnements de production n'a pas été trouvée sur le java.library.path : [C:\Users\Dev\.jdks\openjdk-23.0.1\bin;C:\WINDOWS\Sun\Java\bin;C:\WINDOWS\system32;C:\WINDOWS;C:\Program Files\Common Files\Oracle\Java\javapath;C:\WINDOWS\system32;C:\WINDOWS;C:\WINDOWS\System32\Wbem;C:\WINDOWS\System32\WindowsPowerShell\v1.0\;C:\WINDOWS\System32\OpenSSH\;C:\Program Files\Git\cmd;C:\Program Files\MySQL\MySQL Shell 8.0\bin\;C:\Users\Dev\AppData\Local\Microsoft\WindowsApps;C:\Users\Dev\AppData\Local\Programs\Microsoft VS Code\bin;C:\Program Files\JetBrains\IntelliJ IDEA 2024.3\bin;;.]
06-Mar-2025 11:42:10.707 INFO [main] org.apache.coyote.AbstractProtocol.init Initialisation du gestionnaire de protocole ["http-nio-8089"]
06-Mar-2025 11:42:10.746 INFO [main] org.apache.catalina.startup.Catalina.load L'initialisation du serveur a pris [1404] millisecondes
06-Mar-2025 11:42:10.879 INFO [main] org.apache.catalina.core.StandardService.startInternal Démarrage du service [Catalina]
06-Mar-2025 11:42:10.879 INFO [main] org.apache.catalina.core.StandardEngine.startInternal Démarrage du moteur de Servlets : [Apache Tomcat/10.1.36]
06-Mar-2025 11:42:10.909 INFO [main] org.apache.catalina.startup.HostConfig.deployDescriptor Déploiement du descripteur de configuration [C:\Users\Dev\IdeaProjects\test\TalentFlow\conf\Catalina\localhost\TalentFlow.xml]
06-Mar-2025 11:42:13.059 INFO [main] org.apache.jasper.servlet.TldScanner.scanJars Au moins un fichier JAR a été analysé pour trouver des TLDs mais il n'en contenait pas, le mode "debug" du journal peut être activé pour obtenir une liste complète de JAR scannés sans succès ; éviter d'analyser des JARs inutilement peut améliorer sensiblement le temps de démarrage et le temps de compilation des JSPs
06-Mar-2025 11:42:13.198 INFO [main] org.apache.catalina.startup.HostConfig.deployDescriptor Le traitement du descripteur de déploiement [C:\Users\Dev\IdeaProjects\test\TalentFlow\conf\Catalina\localhost\TalentFlow.xml] a pris [2 283] ms
06-Mar-2025 11:42:13.206 INFO [main] org.apache.coyote.AbstractProtocol.start Démarrage du gestionnaire de protocole ["http-nio-8089"]
06-Mar-2025 11:42:13.240 INFO [main] org.apache.catalina.startup.Catalina.start Le démarrage du serveur a pris [2490] millisecondes
06-Mar-2025 11:42:43.162 INFO [Thread-1] org.apache.coyote.AbstractProtocol.pause Le gestionnaire de protocole ["http-nio-8089"] est mis en pause
06-Mar-2025 11:42:43.167 INFO [Thread-1] org.apache.catalina.core.StandardService.stopInternal Arrêt du service [Catalina]
06-Mar-2025 11:42:43.179 INFO [Thread-1] org.apache.coyote.AbstractProtocol.stop Arrêt du gestionnaire de protocole ["http-nio-8089"]
06-Mar-2025 11:42:43.202 INFO [Thread-1] org.apache.coyote.AbstractProtocol.destroy Destruction du gestionnaire de protocole ["http-nio-8089"]
06-Mar-2025 11:42:46.947 INFO [main] org.apache.catalina.startup.VersionLoggerListener.log Nom version serveur :              Apache Tomcat/10.1.36
06-Mar-2025 11:42:46.956 INFO [main] org.apache.catalina.startup.VersionLoggerListener.log Serveur compilé :                  Feb 13 2025 13:13:30 UTC
06-Mar-2025 11:42:46.957 INFO [main] org.apache.catalina.startup.VersionLoggerListener.log Version du serveur :               10.1.36.0
06-Mar-2025 11:42:46.957 INFO [main] org.apache.catalina.startup.VersionLoggerListener.log Nom de l'OS :                      Windows 11
06-Mar-2025 11:42:46.957 INFO [main] org.apache.catalina.startup.VersionLoggerListener.log Version OS :                       10.0
06-Mar-2025 11:42:46.958 INFO [main] org.apache.catalina.startup.VersionLoggerListener.log Architecture :                     amd64
06-Mar-2025 11:42:46.959 INFO [main] org.apache.catalina.startup.VersionLoggerListener.log Java Home :                        C:\Users\Dev\.jdks\openjdk-23.0.1
06-Mar-2025 11:42:46.959 INFO [main] org.apache.catalina.startup.VersionLoggerListener.log Version JVM :                      23.0.1+11-39
06-Mar-2025 11:42:46.959 INFO [main] org.apache.catalina.startup.VersionLoggerListener.log Fournisseur de la JVM :            Oracle Corporation
06-Mar-2025 11:42:46.959 INFO [main] org.apache.catalina.startup.VersionLoggerListener.log CATALINA_BASE :                    C:\Users\Dev\IdeaProjects\test\TalentFlow
06-Mar-2025 11:42:46.960 INFO [main] org.apache.catalina.startup.VersionLoggerListener.log CATALINA_HOME :                    C:\Program Files\Apache Software Foundation\Tomcat 10.1
06-Mar-2025 11:42:46.978 INFO [main] org.apache.catalina.startup.VersionLoggerListener.log Argument de la ligne de commande : --add-opens=java.base/java.lang=ALL-UNNAMED
06-Mar-2025 11:42:46.979 INFO [main] org.apache.catalina.startup.VersionLoggerListener.log Argument de la ligne de commande : --add-opens=java.base/java.io=ALL-UNNAMED
06-Mar-2025 11:42:46.979 INFO [main] org.apache.catalina.startup.VersionLoggerListener.log Argument de la ligne de commande : --add-opens=java.base/java.util=ALL-UNNAMED
06-Mar-2025 11:42:46.979 INFO [main] org.apache.catalina.startup.VersionLoggerListener.log Argument de la ligne de commande : --add-opens=java.base/java.util.concurrent=ALL-UNNAMED
06-Mar-2025 11:42:46.979 INFO [main] org.apache.catalina.startup.VersionLoggerListener.log Argument de la ligne de commande : --add-opens=java.rmi/sun.rmi.transport=ALL-UNNAMED
06-Mar-2025 11:42:46.980 INFO [main] org.apache.catalina.startup.VersionLoggerListener.log Argument de la ligne de commande : -Dcatalina.home=C:\Program Files\Apache Software Foundation\Tomcat 10.1
06-Mar-2025 11:42:46.980 INFO [main] org.apache.catalina.startup.VersionLoggerListener.log Argument de la ligne de commande : -Dcatalina.base=C:\Users\Dev\IdeaProjects\test\TalentFlow
06-Mar-2025 11:42:46.980 INFO [main] org.apache.catalina.startup.VersionLoggerListener.log Argument de la ligne de commande : -Djava.io.tmpdir=C:\Users\Dev\IdeaProjects\test\TalentFlow\temp
06-Mar-2025 11:42:46.980 INFO [main] org.apache.catalina.startup.VersionLoggerListener.log Argument de la ligne de commande : -Djava.util.logging.config.file=C:\Users\Dev\IdeaProjects\test\TalentFlow\conf\logging.properties
06-Mar-2025 11:42:46.981 INFO [main] org.apache.catalina.startup.VersionLoggerListener.log Argument de la ligne de commande : -Djava.util.logging.manager=org.apache.juli.ClassLoaderLogManager
06-Mar-2025 11:42:46.981 INFO [main] org.apache.catalina.startup.VersionLoggerListener.log Argument de la ligne de commande : -javaagent:C:\Program Files\JetBrains\IntelliJ IDEA 2024.3.2.2\lib\idea_rt.jar=50074:C:\Program Files\JetBrains\IntelliJ IDEA 2024.3.2.2\bin
06-Mar-2025 11:42:46.981 INFO [main] org.apache.catalina.startup.VersionLoggerListener.log Argument de la ligne de commande : -Dfile.encoding=UTF-8
06-Mar-2025 11:42:46.981 INFO [main] org.apache.catalina.startup.VersionLoggerListener.log Argument de la ligne de commande : -Dsun.stdout.encoding=UTF-8
06-Mar-2025 11:42:46.982 INFO [main] org.apache.catalina.startup.VersionLoggerListener.log Argument de la ligne de commande : -Dsun.stderr.encoding=UTF-8
06-Mar-2025 11:42:46.989 INFO [main] org.apache.catalina.core.AprLifecycleListener.lifecycleEvent La librairie Apache Tomcat Native basée sur APR qui permet des performances optimales dans les environnements de production n'a pas été trouvée sur le java.library.path : [C:\Users\Dev\.jdks\openjdk-23.0.1\bin;C:\WINDOWS\Sun\Java\bin;C:\WINDOWS\system32;C:\WINDOWS;C:\Program Files\Common Files\Oracle\Java\javapath;C:\WINDOWS\system32;C:\WINDOWS;C:\WINDOWS\System32\Wbem;C:\WINDOWS\System32\WindowsPowerShell\v1.0\;C:\WINDOWS\System32\OpenSSH\;C:\Program Files\Git\cmd;C:\Program Files\MySQL\MySQL Shell 8.0\bin\;C:\Users\Dev\AppData\Local\Microsoft\WindowsApps;C:\Users\Dev\AppData\Local\Programs\Microsoft VS Code\bin;C:\Program Files\JetBrains\IntelliJ IDEA 2024.3\bin;;.]
06-Mar-2025 11:42:47.775 INFO [main] org.apache.coyote.AbstractProtocol.init Initialisation du gestionnaire de protocole ["http-nio-8089"]
06-Mar-2025 11:42:47.819 INFO [main] org.apache.catalina.startup.Catalina.load L'initialisation du serveur a pris [1315] millisecondes
06-Mar-2025 11:42:47.943 INFO [main] org.apache.catalina.core.StandardService.startInternal Démarrage du service [Catalina]
06-Mar-2025 11:42:47.944 INFO [main] org.apache.catalina.core.StandardEngine.startInternal Démarrage du moteur de Servlets : [Apache Tomcat/10.1.36]
06-Mar-2025 11:42:47.975 INFO [main] org.apache.catalina.startup.HostConfig.deployDescriptor Déploiement du descripteur de configuration [C:\Users\Dev\IdeaProjects\test\TalentFlow\conf\Catalina\localhost\TalentFlow.xml]
06-Mar-2025 11:42:49.835 INFO [main] org.apache.jasper.servlet.TldScanner.scanJars Au moins un fichier JAR a été analysé pour trouver des TLDs mais il n'en contenait pas, le mode "debug" du journal peut être activé pour obtenir une liste complète de JAR scannés sans succès ; éviter d'analyser des JARs inutilement peut améliorer sensiblement le temps de démarrage et le temps de compilation des JSPs
06-Mar-2025 11:42:49.997 INFO [main] org.apache.catalina.startup.HostConfig.deployDescriptor Le traitement du descripteur de déploiement [C:\Users\Dev\IdeaProjects\test\TalentFlow\conf\Catalina\localhost\TalentFlow.xml] a pris [2 018] ms
06-Mar-2025 11:42:50.005 INFO [main] org.apache.coyote.AbstractProtocol.start Démarrage du gestionnaire de protocole ["http-nio-8089"]
06-Mar-2025 11:42:50.033 INFO [main] org.apache.catalina.startup.Catalina.start Le démarrage du serveur a pris [2210] millisecondes
06-Mar-2025 11:43:26.030 INFO [Thread-1] org.apache.coyote.AbstractProtocol.pause Le gestionnaire de protocole ["http-nio-8089"] est mis en pause
06-Mar-2025 11:43:26.035 INFO [Thread-1] org.apache.catalina.core.StandardService.stopInternal Arrêt du service [Catalina]
06-Mar-2025 11:43:26.051 INFO [Thread-1] org.apache.coyote.AbstractProtocol.stop Arrêt du gestionnaire de protocole ["http-nio-8089"]
06-Mar-2025 11:43:26.074 INFO [Thread-1] org.apache.coyote.AbstractProtocol.destroy Destruction du gestionnaire de protocole ["http-nio-8089"]
06-Mar-2025 11:54:26.337 INFO [main] org.apache.catalina.startup.VersionLoggerListener.log Nom version serveur :              Apache Tomcat/10.1.36
06-Mar-2025 11:54:26.349 INFO [main] org.apache.catalina.startup.VersionLoggerListener.log Serveur compilé :                  Feb 13 2025 13:13:30 UTC
06-Mar-2025 11:54:26.350 INFO [main] org.apache.catalina.startup.VersionLoggerListener.log Version du serveur :               10.1.36.0
06-Mar-2025 11:54:26.350 INFO [main] org.apache.catalina.startup.VersionLoggerListener.log Nom de l'OS :                      Windows 11
06-Mar-2025 11:54:26.351 INFO [main] org.apache.catalina.startup.VersionLoggerListener.log Version OS :                       10.0
06-Mar-2025 11:54:26.351 INFO [main] org.apache.catalina.startup.VersionLoggerListener.log Architecture :                     amd64
06-Mar-2025 11:54:26.351 INFO [main] org.apache.catalina.startup.VersionLoggerListener.log Java Home :                        C:\Users\Dev\.jdks\openjdk-23.0.1
06-Mar-2025 11:54:26.352 INFO [main] org.apache.catalina.startup.VersionLoggerListener.log Version JVM :                      23.0.1+11-39
06-Mar-2025 11:54:26.352 INFO [main] org.apache.catalina.startup.VersionLoggerListener.log Fournisseur de la JVM :            Oracle Corporation
06-Mar-2025 11:54:26.353 INFO [main] org.apache.catalina.startup.VersionLoggerListener.log CATALINA_BASE :                    C:\Users\Dev\IdeaProjects\test\TalentFlow
06-Mar-2025 11:54:26.353 INFO [main] org.apache.catalina.startup.VersionLoggerListener.log CATALINA_HOME :                    C:\Program Files\Apache Software Foundation\Tomcat 10.1
06-Mar-2025 11:54:26.379 INFO [main] org.apache.catalina.startup.VersionLoggerListener.log Argument de la ligne de commande : --add-opens=java.base/java.lang=ALL-UNNAMED
06-Mar-2025 11:54:26.379 INFO [main] org.apache.catalina.startup.VersionLoggerListener.log Argument de la ligne de commande : --add-opens=java.base/java.io=ALL-UNNAMED
06-Mar-2025 11:54:26.379 INFO [main] org.apache.catalina.startup.VersionLoggerListener.log Argument de la ligne de commande : --add-opens=java.base/java.util=ALL-UNNAMED
06-Mar-2025 11:54:26.379 INFO [main] org.apache.catalina.startup.VersionLoggerListener.log Argument de la ligne de commande : --add-opens=java.base/java.util.concurrent=ALL-UNNAMED
06-Mar-2025 11:54:26.380 INFO [main] org.apache.catalina.startup.VersionLoggerListener.log Argument de la ligne de commande : --add-opens=java.rmi/sun.rmi.transport=ALL-UNNAMED
06-Mar-2025 11:54:26.380 INFO [main] org.apache.catalina.startup.VersionLoggerListener.log Argument de la ligne de commande : -Dcatalina.home=C:\Program Files\Apache Software Foundation\Tomcat 10.1
06-Mar-2025 11:54:26.380 INFO [main] org.apache.catalina.startup.VersionLoggerListener.log Argument de la ligne de commande : -Dcatalina.base=C:\Users\Dev\IdeaProjects\test\TalentFlow
06-Mar-2025 11:54:26.380 INFO [main] org.apache.catalina.startup.VersionLoggerListener.log Argument de la ligne de commande : -Djava.io.tmpdir=C:\Users\Dev\IdeaProjects\test\TalentFlow\temp
06-Mar-2025 11:54:26.381 INFO [main] org.apache.catalina.startup.VersionLoggerListener.log Argument de la ligne de commande : -Djava.util.logging.config.file=C:\Users\Dev\IdeaProjects\test\TalentFlow\conf\logging.properties
06-Mar-2025 11:54:26.381 INFO [main] org.apache.catalina.startup.VersionLoggerListener.log Argument de la ligne de commande : -Djava.util.logging.manager=org.apache.juli.ClassLoaderLogManager
06-Mar-2025 11:54:26.381 INFO [main] org.apache.catalina.startup.VersionLoggerListener.log Argument de la ligne de commande : -javaagent:C:\Program Files\JetBrains\IntelliJ IDEA 2024.3.2.2\lib\idea_rt.jar=63242:C:\Program Files\JetBrains\IntelliJ IDEA 2024.3.2.2\bin
06-Mar-2025 11:54:26.382 INFO [main] org.apache.catalina.startup.VersionLoggerListener.log Argument de la ligne de commande : -Dfile.encoding=UTF-8
06-Mar-2025 11:54:26.382 INFO [main] org.apache.catalina.startup.VersionLoggerListener.log Argument de la ligne de commande : -Dsun.stdout.encoding=UTF-8
06-Mar-2025 11:54:26.382 INFO [main] org.apache.catalina.startup.VersionLoggerListener.log Argument de la ligne de commande : -Dsun.stderr.encoding=UTF-8
06-Mar-2025 11:54:26.393 INFO [main] org.apache.catalina.core.AprLifecycleListener.lifecycleEvent La librairie Apache Tomcat Native basée sur APR qui permet des performances optimales dans les environnements de production n'a pas été trouvée sur le java.library.path : [C:\Users\Dev\.jdks\openjdk-23.0.1\bin;C:\WINDOWS\Sun\Java\bin;C:\WINDOWS\system32;C:\WINDOWS;C:\Program Files\Common Files\Oracle\Java\javapath;C:\WINDOWS\system32;C:\WINDOWS;C:\WINDOWS\System32\Wbem;C:\WINDOWS\System32\WindowsPowerShell\v1.0\;C:\WINDOWS\System32\OpenSSH\;C:\Program Files\Git\cmd;C:\Program Files\MySQL\MySQL Shell 8.0\bin\;C:\Users\Dev\AppData\Local\Microsoft\WindowsApps;C:\Users\Dev\AppData\Local\Programs\Microsoft VS Code\bin;C:\Program Files\JetBrains\IntelliJ IDEA 2024.3\bin;;.]
06-Mar-2025 11:54:27.190 INFO [main] org.apache.coyote.AbstractProtocol.init Initialisation du gestionnaire de protocole ["http-nio-8089"]
06-Mar-2025 11:54:27.229 INFO [main] org.apache.catalina.startup.Catalina.load L'initialisation du serveur a pris [1363] millisecondes
06-Mar-2025 11:54:27.365 INFO [main] org.apache.catalina.core.StandardService.startInternal Démarrage du service [Catalina]
06-Mar-2025 11:54:27.365 INFO [main] org.apache.catalina.core.StandardEngine.startInternal Démarrage du moteur de Servlets : [Apache Tomcat/10.1.36]
06-Mar-2025 11:54:27.385 INFO [main] org.apache.catalina.startup.HostConfig.deployDescriptor Déploiement du descripteur de configuration [C:\Users\Dev\IdeaProjects\test\TalentFlow\conf\Catalina\localhost\TalentFlow.xml]
06-Mar-2025 11:54:29.155 INFO [main] org.apache.jasper.servlet.TldScanner.scanJars Au moins un fichier JAR a été analysé pour trouver des TLDs mais il n'en contenait pas, le mode "debug" du journal peut être activé pour obtenir une liste complète de JAR scannés sans succès ; éviter d'analyser des JARs inutilement peut améliorer sensiblement le temps de démarrage et le temps de compilation des JSPs
06-Mar-2025 11:54:29.327 INFO [main] org.apache.catalina.startup.HostConfig.deployDescriptor Le traitement du descripteur de déploiement [C:\Users\Dev\IdeaProjects\test\TalentFlow\conf\Catalina\localhost\TalentFlow.xml] a pris [1 940] ms
06-Mar-2025 11:54:29.333 INFO [main] org.apache.coyote.AbstractProtocol.start Démarrage du gestionnaire de protocole ["http-nio-8089"]
06-Mar-2025 11:54:29.359 INFO [main] org.apache.catalina.startup.Catalina.start Le démarrage du serveur a pris [2126] millisecondes
06-Mar-2025 11:55:03.035 INFO [Thread-1] org.apache.coyote.AbstractProtocol.pause Le gestionnaire de protocole ["http-nio-8089"] est mis en pause
06-Mar-2025 11:55:03.043 INFO [Thread-1] org.apache.catalina.core.StandardService.stopInternal Arrêt du service [Catalina]
06-Mar-2025 11:55:03.071 INFO [Thread-1] org.apache.coyote.AbstractProtocol.stop Arrêt du gestionnaire de protocole ["http-nio-8089"]
06-Mar-2025 11:55:03.085 INFO [Thread-1] org.apache.coyote.AbstractProtocol.destroy Destruction du gestionnaire de protocole ["http-nio-8089"]
06-Mar-2025 11:55:06.908 INFO [main] org.apache.catalina.startup.VersionLoggerListener.log Nom version serveur :              Apache Tomcat/10.1.36
06-Mar-2025 11:55:06.917 INFO [main] org.apache.catalina.startup.VersionLoggerListener.log Serveur compilé :                  Feb 13 2025 13:13:30 UTC
06-Mar-2025 11:55:06.918 INFO [main] org.apache.catalina.startup.VersionLoggerListener.log Version du serveur :               10.1.36.0
06-Mar-2025 11:55:06.918 INFO [main] org.apache.catalina.startup.VersionLoggerListener.log Nom de l'OS :                      Windows 11
06-Mar-2025 11:55:06.918 INFO [main] org.apache.catalina.startup.VersionLoggerListener.log Version OS :                       10.0
06-Mar-2025 11:55:06.918 INFO [main] org.apache.catalina.startup.VersionLoggerListener.log Architecture :                     amd64
06-Mar-2025 11:55:06.918 INFO [main] org.apache.catalina.startup.VersionLoggerListener.log Java Home :                        C:\Users\Dev\.jdks\openjdk-23.0.1
06-Mar-2025 11:55:06.919 INFO [main] org.apache.catalina.startup.VersionLoggerListener.log Version JVM :                      23.0.1+11-39
06-Mar-2025 11:55:06.919 INFO [main] org.apache.catalina.startup.VersionLoggerListener.log Fournisseur de la JVM :            Oracle Corporation
06-Mar-2025 11:55:06.919 INFO [main] org.apache.catalina.startup.VersionLoggerListener.log CATALINA_BASE :                    C:\Users\Dev\IdeaProjects\test\TalentFlow
06-Mar-2025 11:55:06.919 INFO [main] org.apache.catalina.startup.VersionLoggerListener.log CATALINA_HOME :                    C:\Program Files\Apache Software Foundation\Tomcat 10.1
06-Mar-2025 11:55:06.940 INFO [main] org.apache.catalina.startup.VersionLoggerListener.log Argument de la ligne de commande : --add-opens=java.base/java.lang=ALL-UNNAMED
06-Mar-2025 11:55:06.940 INFO [main] org.apache.catalina.startup.VersionLoggerListener.log Argument de la ligne de commande : --add-opens=java.base/java.io=ALL-UNNAMED
06-Mar-2025 11:55:06.940 INFO [main] org.apache.catalina.startup.VersionLoggerListener.log Argument de la ligne de commande : --add-opens=java.base/java.util=ALL-UNNAMED
06-Mar-2025 11:55:06.941 INFO [main] org.apache.catalina.startup.VersionLoggerListener.log Argument de la ligne de commande : --add-opens=java.base/java.util.concurrent=ALL-UNNAMED
06-Mar-2025 11:55:06.941 INFO [main] org.apache.catalina.startup.VersionLoggerListener.log Argument de la ligne de commande : --add-opens=java.rmi/sun.rmi.transport=ALL-UNNAMED
06-Mar-2025 11:55:06.942 INFO [main] org.apache.catalina.startup.VersionLoggerListener.log Argument de la ligne de commande : -Dcatalina.home=C:\Program Files\Apache Software Foundation\Tomcat 10.1
06-Mar-2025 11:55:06.942 INFO [main] org.apache.catalina.startup.VersionLoggerListener.log Argument de la ligne de commande : -Dcatalina.base=C:\Users\Dev\IdeaProjects\test\TalentFlow
06-Mar-2025 11:55:06.942 INFO [main] org.apache.catalina.startup.VersionLoggerListener.log Argument de la ligne de commande : -Djava.io.tmpdir=C:\Users\Dev\IdeaProjects\test\TalentFlow\temp
06-Mar-2025 11:55:06.943 INFO [main] org.apache.catalina.startup.VersionLoggerListener.log Argument de la ligne de commande : -Djava.util.logging.config.file=C:\Users\Dev\IdeaProjects\test\TalentFlow\conf\logging.properties
06-Mar-2025 11:55:06.943 INFO [main] org.apache.catalina.startup.VersionLoggerListener.log Argument de la ligne de commande : -Djava.util.logging.manager=org.apache.juli.ClassLoaderLogManager
06-Mar-2025 11:55:06.943 INFO [main] org.apache.catalina.startup.VersionLoggerListener.log Argument de la ligne de commande : -javaagent:C:\Program Files\JetBrains\IntelliJ IDEA 2024.3.2.2\lib\idea_rt.jar=63249:C:\Program Files\JetBrains\IntelliJ IDEA 2024.3.2.2\bin
06-Mar-2025 11:55:06.944 INFO [main] org.apache.catalina.startup.VersionLoggerListener.log Argument de la ligne de commande : -Dfile.encoding=UTF-8
06-Mar-2025 11:55:06.944 INFO [main] org.apache.catalina.startup.VersionLoggerListener.log Argument de la ligne de commande : -Dsun.stdout.encoding=UTF-8
06-Mar-2025 11:55:06.944 INFO [main] org.apache.catalina.startup.VersionLoggerListener.log Argument de la ligne de commande : -Dsun.stderr.encoding=UTF-8
06-Mar-2025 11:55:06.951 INFO [main] org.apache.catalina.core.AprLifecycleListener.lifecycleEvent La librairie Apache Tomcat Native basée sur APR qui permet des performances optimales dans les environnements de production n'a pas été trouvée sur le java.library.path : [C:\Users\Dev\.jdks\openjdk-23.0.1\bin;C:\WINDOWS\Sun\Java\bin;C:\WINDOWS\system32;C:\WINDOWS;C:\Program Files\Common Files\Oracle\Java\javapath;C:\WINDOWS\system32;C:\WINDOWS;C:\WINDOWS\System32\Wbem;C:\WINDOWS\System32\WindowsPowerShell\v1.0\;C:\WINDOWS\System32\OpenSSH\;C:\Program Files\Git\cmd;C:\Program Files\MySQL\MySQL Shell 8.0\bin\;C:\Users\Dev\AppData\Local\Microsoft\WindowsApps;C:\Users\Dev\AppData\Local\Programs\Microsoft VS Code\bin;C:\Program Files\JetBrains\IntelliJ IDEA 2024.3\bin;;.]
06-Mar-2025 11:55:07.689 INFO [main] org.apache.coyote.AbstractProtocol.init Initialisation du gestionnaire de protocole ["http-nio-8089"]
06-Mar-2025 11:55:07.723 INFO [main] org.apache.catalina.startup.Catalina.load L'initialisation du serveur a pris [1317] millisecondes
06-Mar-2025 11:55:07.875 INFO [main] org.apache.catalina.core.StandardService.startInternal Démarrage du service [Catalina]
06-Mar-2025 11:55:07.876 INFO [main] org.apache.catalina.core.StandardEngine.startInternal Démarrage du moteur de Servlets : [Apache Tomcat/10.1.36]
06-Mar-2025 11:55:07.914 INFO [main] org.apache.catalina.startup.HostConfig.deployDescriptor Déploiement du descripteur de configuration [C:\Users\Dev\IdeaProjects\test\TalentFlow\conf\Catalina\localhost\TalentFlow.xml]
06-Mar-2025 11:55:09.750 INFO [main] org.apache.jasper.servlet.TldScanner.scanJars Au moins un fichier JAR a été analysé pour trouver des TLDs mais il n'en contenait pas, le mode "debug" du journal peut être activé pour obtenir une liste complète de JAR scannés sans succès ; éviter d'analyser des JARs inutilement peut améliorer sensiblement le temps de démarrage et le temps de compilation des JSPs
06-Mar-2025 11:55:09.901 INFO [main] org.apache.catalina.startup.HostConfig.deployDescriptor Le traitement du descripteur de déploiement [C:\Users\Dev\IdeaProjects\test\TalentFlow\conf\Catalina\localhost\TalentFlow.xml] a pris [1 982] ms
06-Mar-2025 11:55:09.910 INFO [main] org.apache.coyote.AbstractProtocol.start Démarrage du gestionnaire de protocole ["http-nio-8089"]
06-Mar-2025 11:55:09.940 INFO [main] org.apache.catalina.startup.Catalina.start Le démarrage du serveur a pris [2214] millisecondes
06-Mar-2025 11:57:41.714 INFO [Thread-1] org.apache.coyote.AbstractProtocol.pause Le gestionnaire de protocole ["http-nio-8089"] est mis en pause
06-Mar-2025 11:57:41.718 INFO [Thread-1] org.apache.catalina.core.StandardService.stopInternal Arrêt du service [Catalina]
06-Mar-2025 11:57:41.731 INFO [Thread-1] org.apache.coyote.AbstractProtocol.stop Arrêt du gestionnaire de protocole ["http-nio-8089"]
06-Mar-2025 11:57:41.757 INFO [Thread-1] org.apache.coyote.AbstractProtocol.destroy Destruction du gestionnaire de protocole ["http-nio-8089"]
