05-Mar-2025 15:31:33.412 INFO [main] org.apache.catalina.startup.VersionLoggerListener.log Nom version serveur :              Apache Tomcat/10.1.36
05-Mar-2025 15:31:33.422 INFO [main] org.apache.catalina.startup.VersionLoggerListener.log Serveur compilé :                  Feb 13 2025 13:13:30 UTC
05-Mar-2025 15:31:33.423 INFO [main] org.apache.catalina.startup.VersionLoggerListener.log Version du serveur :               10.1.36.0
05-Mar-2025 15:31:33.423 INFO [main] org.apache.catalina.startup.VersionLoggerListener.log Nom de l'OS :                      Windows 11
05-Mar-2025 15:31:33.424 INFO [main] org.apache.catalina.startup.VersionLoggerListener.log Version OS :                       10.0
05-Mar-2025 15:31:33.425 INFO [main] org.apache.catalina.startup.VersionLoggerListener.log Architecture :                     amd64
05-Mar-2025 15:31:33.425 INFO [main] org.apache.catalina.startup.VersionLoggerListener.log Java Home :                        C:\Users\Dev\.jdks\openjdk-23.0.1
05-Mar-2025 15:31:33.425 INFO [main] org.apache.catalina.startup.VersionLoggerListener.log Version JVM :                      23.0.1+11-39
05-Mar-2025 15:31:33.425 INFO [main] org.apache.catalina.startup.VersionLoggerListener.log Fournisseur de la JVM :            Oracle Corporation
05-Mar-2025 15:31:33.425 INFO [main] org.apache.catalina.startup.VersionLoggerListener.log CATALINA_BASE :                    C:\Users\Dev\IdeaProjects\test\TalentFlow
05-Mar-2025 15:31:33.426 INFO [main] org.apache.catalina.startup.VersionLoggerListener.log CATALINA_HOME :                    C:\Program Files\Apache Software Foundation\Tomcat 10.1
05-Mar-2025 15:31:33.452 INFO [main] org.apache.catalina.startup.VersionLoggerListener.log Argument de la ligne de commande : --add-opens=java.base/java.lang=ALL-UNNAMED
05-Mar-2025 15:31:33.452 INFO [main] org.apache.catalina.startup.VersionLoggerListener.log Argument de la ligne de commande : --add-opens=java.base/java.io=ALL-UNNAMED
05-Mar-2025 15:31:33.453 INFO [main] org.apache.catalina.startup.VersionLoggerListener.log Argument de la ligne de commande : --add-opens=java.base/java.util=ALL-UNNAMED
05-Mar-2025 15:31:33.453 INFO [main] org.apache.catalina.startup.VersionLoggerListener.log Argument de la ligne de commande : --add-opens=java.base/java.util.concurrent=ALL-UNNAMED
05-Mar-2025 15:31:33.453 INFO [main] org.apache.catalina.startup.VersionLoggerListener.log Argument de la ligne de commande : --add-opens=java.rmi/sun.rmi.transport=ALL-UNNAMED
05-Mar-2025 15:31:33.453 INFO [main] org.apache.catalina.startup.VersionLoggerListener.log Argument de la ligne de commande : -Dcatalina.home=C:\Program Files\Apache Software Foundation\Tomcat 10.1
05-Mar-2025 15:31:33.453 INFO [main] org.apache.catalina.startup.VersionLoggerListener.log Argument de la ligne de commande : -Dcatalina.base=C:\Users\Dev\IdeaProjects\test\TalentFlow
05-Mar-2025 15:31:33.453 INFO [main] org.apache.catalina.startup.VersionLoggerListener.log Argument de la ligne de commande : -Djava.io.tmpdir=C:\Users\Dev\IdeaProjects\test\TalentFlow\temp
05-Mar-2025 15:31:33.453 INFO [main] org.apache.catalina.startup.VersionLoggerListener.log Argument de la ligne de commande : -Djava.util.logging.config.file=C:\Users\Dev\IdeaProjects\test\TalentFlow\conf\logging.properties
05-Mar-2025 15:31:33.454 INFO [main] org.apache.catalina.startup.VersionLoggerListener.log Argument de la ligne de commande : -Djava.util.logging.manager=org.apache.juli.ClassLoaderLogManager
05-Mar-2025 15:31:33.454 INFO [main] org.apache.catalina.startup.VersionLoggerListener.log Argument de la ligne de commande : -javaagent:C:\Program Files\JetBrains\IntelliJ IDEA 2024.3.2.2\lib\idea_rt.jar=57489:C:\Program Files\JetBrains\IntelliJ IDEA 2024.3.2.2\bin
05-Mar-2025 15:31:33.455 INFO [main] org.apache.catalina.startup.VersionLoggerListener.log Argument de la ligne de commande : -Dfile.encoding=UTF-8
05-Mar-2025 15:31:33.455 INFO [main] org.apache.catalina.startup.VersionLoggerListener.log Argument de la ligne de commande : -Dsun.stdout.encoding=UTF-8
05-Mar-2025 15:31:33.455 INFO [main] org.apache.catalina.startup.VersionLoggerListener.log Argument de la ligne de commande : -Dsun.stderr.encoding=UTF-8
05-Mar-2025 15:31:33.467 INFO [main] org.apache.catalina.core.AprLifecycleListener.lifecycleEvent La librairie Apache Tomcat Native basée sur APR qui permet des performances optimales dans les environnements de production n'a pas été trouvée sur le java.library.path : [C:\Users\Dev\.jdks\openjdk-23.0.1\bin;C:\WINDOWS\Sun\Java\bin;C:\WINDOWS\system32;C:\WINDOWS;C:\Program Files\Common Files\Oracle\Java\javapath;C:\WINDOWS\system32;C:\WINDOWS;C:\WINDOWS\System32\Wbem;C:\WINDOWS\System32\WindowsPowerShell\v1.0\;C:\WINDOWS\System32\OpenSSH\;C:\Program Files\Git\cmd;C:\Program Files\MySQL\MySQL Shell 8.0\bin\;C:\Users\Dev\AppData\Local\Microsoft\WindowsApps;C:\Users\Dev\AppData\Local\Programs\Microsoft VS Code\bin;C:\Program Files\JetBrains\IntelliJ IDEA 2024.3\bin;;.]
05-Mar-2025 15:31:34.314 INFO [main] org.apache.coyote.AbstractProtocol.init Initialisation du gestionnaire de protocole ["http-nio-8089"]
05-Mar-2025 15:31:34.359 INFO [main] org.apache.catalina.startup.Catalina.load L'initialisation du serveur a pris [1567] millisecondes
05-Mar-2025 15:31:34.466 INFO [main] org.apache.catalina.core.StandardService.startInternal Démarrage du service [Catalina]
05-Mar-2025 15:31:34.467 INFO [main] org.apache.catalina.core.StandardEngine.startInternal Démarrage du moteur de Servlets : [Apache Tomcat/10.1.36]
05-Mar-2025 15:31:34.487 INFO [main] org.apache.catalina.startup.HostConfig.deployDescriptor Déploiement du descripteur de configuration [C:\Users\Dev\IdeaProjects\test\TalentFlow\conf\Catalina\localhost\TalentFlow.xml]
05-Mar-2025 15:31:36.273 INFO [main] org.apache.jasper.servlet.TldScanner.scanJars Au moins un fichier JAR a été analysé pour trouver des TLDs mais il n'en contenait pas, le mode "debug" du journal peut être activé pour obtenir une liste complète de JAR scannés sans succès ; éviter d'analyser des JARs inutilement peut améliorer sensiblement le temps de démarrage et le temps de compilation des JSPs
05-Mar-2025 15:31:36.398 INFO [main] org.apache.catalina.startup.HostConfig.deployDescriptor Le traitement du descripteur de déploiement [C:\Users\Dev\IdeaProjects\test\TalentFlow\conf\Catalina\localhost\TalentFlow.xml] a pris [1 906] ms
05-Mar-2025 15:31:36.404 INFO [main] org.apache.coyote.AbstractProtocol.start Démarrage du gestionnaire de protocole ["http-nio-8089"]
05-Mar-2025 15:31:36.436 INFO [main] org.apache.catalina.startup.Catalina.start Le démarrage du serveur a pris [2075] millisecondes
